mode: set
github.com/monetas/bmutil/identity/private.go:27.39,35.2 1 0
github.com/monetas/bmutil/identity/private.go:40.52,41.22 1 1
github.com/monetas/bmutil/identity/private.go:45.2,50.16 4 1
github.com/monetas/bmutil/identity/private.go:54.2,56.6 2 1
github.com/monetas/bmutil/identity/private.go:69.2,71.16 2 1
github.com/monetas/bmutil/identity/private.go:41.22,43.3 1 1
github.com/monetas/bmutil/identity/private.go:50.16,52.3 1 0
github.com/monetas/bmutil/identity/private.go:56.6,59.17 2 1
github.com/monetas/bmutil/identity/private.go:64.3,64.63 1 1
github.com/monetas/bmutil/identity/private.go:59.17,61.4 1 0
github.com/monetas/bmutil/identity/private.go:64.63,65.9 1 1
github.com/monetas/bmutil/identity/private.go:76.81,77.22 1 1
github.com/monetas/bmutil/identity/private.go:81.2,92.6 6 1
github.com/monetas/bmutil/identity/private.go:121.2,123.16 2 1
github.com/monetas/bmutil/identity/private.go:77.22,79.3 1 0
github.com/monetas/bmutil/identity/private.go:92.6,116.63 15 1
github.com/monetas/bmutil/identity/private.go:116.63,117.9 1 1
github.com/monetas/bmutil/identity/private.go:126.42,129.2 2 1
github.com/monetas/bmutil/identity/private.go:134.52,137.16 2 1
github.com/monetas/bmutil/identity/private.go:141.2,142.16 2 1
github.com/monetas/bmutil/identity/private.go:146.2,147.16 2 1
github.com/monetas/bmutil/identity/private.go:152.2,158.8 1 1
github.com/monetas/bmutil/identity/private.go:137.16,139.3 1 0
github.com/monetas/bmutil/identity/private.go:142.16,145.3 2 0
github.com/monetas/bmutil/identity/private.go:147.16,150.3 2 0
github.com/monetas/bmutil/identity/private.go:165.13,169.16 3 1
github.com/monetas/bmutil/identity/private.go:173.2,175.8 3 1
github.com/monetas/bmutil/identity/private.go:169.16,172.3 2 0
github.com/monetas/bmutil/identity/private.go:179.66,188.2 6 1
github.com/monetas/bmutil/identity/private.go:191.34,194.2 1 1
github.com/monetas/bmutil/identity/private.go:198.58,202.2 3 0
github.com/monetas/bmutil/identity/public.go:23.57,27.2 3 0
github.com/monetas/bmutil/identity/public.go:29.41,32.2 2 0
github.com/monetas/bmutil/identity/public.go:35.33,38.2 1 0
